c[?7l[2J[0mSeaBIOS (version 1.15.0-1)


iPXE (https://ipxe.org) 00:03.0 CA00 PCI2.10 PnP PMM+07F8B4A0+07ECB4A0 CA00
Press Ctrl-B to configure iPXE (PCI 00:03.0)...                                                                               


Booting from Hard Disk..(THU.CST) os is loading ...

Special kernel symbols:
  entry  0xc0100036 (phys)
  etext  0xc0107010 (phys)
  edata  0xc011e000 (phys)
  end    0xc011ef8c (phys)
Kernel executable memory footprint: 124KB
ebp:0xc011af38 eip:0xc01009db args:0x00010094 0x00010094 0xc011af68 0xc01000c4 
    kern/debug/kdebug.c:306: print_stackframe+21
ebp:0xc011af48 eip:0xc0100cc7 args:0x00000000 0x00000000 0x00000000 0xc011afb8 
    kern/debug/kmonitor.c:129: mon_backtrace+10
ebp:0xc011af68 eip:0xc01000c4 args:0x00000000 0xc011af90 0xffff0000 0xc011af94 
    kern/init/init.c:49: grade_backtrace2+33
ebp:0xc011af88 eip:0xc01000f2 args:0x00000000 0xffff0000 0xc011afb4 0x0000002a 
    kern/init/init.c:54: grade_backtrace1+40
ebp:0xc011afa8 eip:0xc0100112 args:0x00000000 0xc0100036 0xffff0000 0x0000001d 
    kern/init/init.c:59: grade_backtrace0+23
ebp:0xc011afc8 eip:0xc010013a args:0xc010703c 0xc0107020 0x00000f8c 0x00000000 
    kern/init/init.c:64: grade_backtrace+34
ebp:0xc011aff8 eip:0xc0100087 args:0xc01071d0 0xc01071d8 0xc0100c4b 0xc01071f7 
    kern/init/init.c:29: kern_init+80
memory management: buddy_pmm_manager
e820map:
  memory: 0009fc00, [00000000, 0009fbff], type = 1.
  memory: 00000400, [0009fc00, 0009ffff], type = 2.
  memory: 00010000, [000f0000, 000fffff], type = 2.
  memory: 07ee0000, [00100000, 07fdffff], type = 1.
  memory: 00020000, [07fe0000, 07ffffff], type = 2.
  memory: 00040000, [fffc0000, ffffffff], type = 2.
check_alloc_page() succeeded!
check_pgdir() succeeded!
check_boot_pgdir() succeeded!
-------------------- BEGIN --------------------
PDE(0e0) c0000000-f8000000 38000000 urw
  |-- PTE(38000) c0000000-f8000000 38000000 -rw
PDE(001) fac00000-fb000000 00400000 -rw
  |-- PTE(000e0) faf00000-fafe0000 000e0000 urw
  |-- PTE(00001) fafeb000-fafec000 00001000 -rw
--------------------- END ---------------------
++ setup timer interrupts
100 ticks
End of Test.
kernel panic at kern/trap/trap.c:18:
    EOT: kernel seems ok.
stack trackback:
ebp:0xc011aed0 eip:0xc01009db args:0xc0107304 0xc011af14 0x00000012 0x00010094 
    kern/debug/kdebug.c:306: print_stackframe+21
ebp:0xc011af00 eip:0xc0100d38 args:0xc01073ae 0x00000012 0xc0107398 0x00010094 
    kern/debug/panic.c:27: __panic+103
ebp:0xc011af20 eip:0xc010194f args:0xc011af88 0xc01064dd 0x00010094 0x00010094 
    kern/trap/trap.c:0: print_ticks+65
ebp:0xc011af60 eip:0xc0101e1a args:0xc011af8c 0xc0100374 0xc0107334 0xc011afa4 
    kern/trap/trap.c:164: trap_dispatch+162
ebp:0xc011af80 eip:0xc010215f args:0xc011af8c 0x0000807c 0x00010094 0xc011aff8 
    kern/trap/trap.c:265: trap+16
ebp:0xc011aff8 eip:0xc010217a args:0xc01071d0 0xc01071d8 0xc0100c4b 0xc01071f7 
    kern/trap/trapentry.S:24: <unknown>+0
Welcome to the kernel debug monitor!!
Type 'help' for a list of commands.
K> 